This is pdfTeX, Version 3.141592653-2.6-1.40.26 (MiKTeX 24.4) (preloaded format=pdflatex 2024.11.21)  8 DEC 2024 11:11
entering extended mode
 restricted \write18 enabled.
 %&-line parsing enabled.
**./CUI.tex
(CUI.tex
LaTeX2e <2024-11-01>
L3 programming layer <2024-11-02>
(/home/mohamed/.miktex/texmfs/install/tex/latex/base/article.cls
Document Class: article 2024/06/29 v1.4n Standard LaTeX document class
(/home/mohamed/.miktex/texmfs/install/tex/latex/base/size12.clo
File: size12.clo 2024/06/29 v1.4n Standard LaTeX file (size option)
)
\c@part=\count196
\c@section=\count197
\c@subsection=\count198
\c@subsubsection=\count199
\c@paragraph=\count266
\c@subparagraph=\count267
\c@figure=\count268
\c@table=\count269
\abovecaptionskip=\skip49
\belowcaptionskip=\skip50
\bibindent=\dimen141
)
(/home/mohamed/.miktex/texmfs/install/tex/latex/geometry/geometry.sty
Package: geometry 2020/01/02 v5.9 Page Geometry

(/home/mohamed/.miktex/texmfs/install/tex/latex/graphics/keyval.sty
Package: keyval 2022/05/29 v1.15 key=value parser (DPC)
\KV@toks@=\toks17
)
(/home/mohamed/.miktex/texmfs/install/tex/generic/iftex/ifvtex.sty
Package: ifvtex 2019/10/25 v1.7 ifvtex legacy package. Use iftex instead.

(/home/mohamed/.miktex/texmfs/install/tex/generic/iftex/iftex.sty
Package: iftex 2022/02/03 v1.0f TeX engine tests
))
\Gm@cnth=\count270
\Gm@cntv=\count271
\c@Gm@tempcnt=\count272
\Gm@bindingoffset=\dimen142
\Gm@wd@mp=\dimen143
\Gm@odd@mp=\dimen144
\Gm@even@mp=\dimen145
\Gm@layoutwidth=\dimen146
\Gm@layoutheight=\dimen147
\Gm@layouthoffset=\dimen148
\Gm@layoutvoffset=\dimen149
\Gm@dimlist=\toks18

(/home/mohamed/.miktex/texmfs/install/tex/latex/geometry/geometry.cfg))
(/home/mohamed/.miktex/texmfs/install/tex/latex/base/inputenc.sty
Package: inputenc 2024/02/08 v1.3d Input encoding file
\inpenc@prehook=\toks19
\inpenc@posthook=\toks20
)
(/home/mohamed/.miktex/texmfs/install/tex/generic/babel/babel.sty
Package: babel 2024/11/08 v24.13 The multilingual framework for pdfLaTeX, LuaLa
TeX and XeLaTeX
\babel@savecnt=\count273
\U@D=\dimen150
\l@unhyphenated=\language1

(/home/mohamed/.miktex/texmfs/install/tex/generic/babel/txtbabel.def)
\bbl@readstream=\read2
\bbl@dirlevel=\count274

*************************************
* Local config file bblopts.cfg used
*
(/home/mohamed/.miktex/texmfs/install/tex/latex/arabi/bblopts.cfg
File: bblopts.cfg 2005/09/08 v0.1 add Arabic and Farsi to "declared" options of
 babel
)
(/home/mohamed/.miktex/texmfs/install/tex/generic/babel-french/french.ldf
Language: french 2024-07-25 v3.6c French support from the babel system


Package babel Warning: No hyphenation patterns were preloaded for
(babel)                the language 'French' into the format.
(babel)                Please, configure your TeX system to add them and
(babel)                rebuild the format. Now I will use the patterns
(babel)                preloaded for \language=nohyphenation instead on input l
ine 87.

\FB@stdchar=\count275
Package babel Info: Making : an active character on input line 421.
Package babel Info: Making ; an active character on input line 422.
Package babel Info: Making ! an active character on input line 423.
Package babel Info: Making ? an active character on input line 424.
\FBguill@level=\count276
\FBold@everypar=\toks21
\FB@Mht=\dimen151
\mc@charclass=\count277
\mc@charfam=\count278
\mc@charslot=\count279
\std@mcc=\count280
\dec@mcc=\count281
\FB@parskip=\dimen152
\listindentFB=\dimen153
\descindentFB=\dimen154
\labelindentFB=\dimen155
\labelwidthFB=\dimen156
\leftmarginFB=\dimen157
\parindentFFN=\dimen158
\FBfnindent=\dimen159
))
(/home/mohamed/.miktex/texmfs/install/tex/generic/babel/locale/fr/babel-french.
tex
Package babel Info: Importing font and identification data for french
(babel)             from babel-fr.ini. Reported on input line 11.
) (/home/mohamed/.miktex/texmfs/install/tex/latex/carlisle/scalefnt.sty)
(/home/mohamed/.miktex/texmfs/install/tex/latex/pgfplots/pgfplots.sty
(/home/mohamed/.miktex/texmfs/install/tex/generic/pgfplots/pgfplots.revision.te
x)
Package: pgfplots 2021/05/15 v1.18.1 Data Visualization (1.18.1)
 (/home/mohamed/.miktex/texmfs/install/tex/latex/graphics/graphicx.sty
Package: graphicx 2021/09/16 v1.2d Enhanced LaTeX Graphics (DPC,SPQR)

(/home/mohamed/.miktex/texmfs/install/tex/latex/graphics/graphics.sty
Package: graphics 2024/08/06 v1.4g Standard LaTeX Graphics (DPC,SPQR)

(/home/mohamed/.miktex/texmfs/install/tex/latex/graphics/trig.sty
Package: trig 2023/12/02 v1.11 sin cos tan (DPC)
)
(/home/mohamed/.miktex/texmfs/install/tex/latex/graphics-cfg/graphics.cfg
File: graphics.cfg 2016/06/04 v1.11 sample graphics configuration
)
Package graphics Info: Driver file: pdftex.def on input line 106.

(/home/mohamed/.miktex/texmfs/install/tex/latex/graphics-def/pdftex.def
File: pdftex.def 2024/04/13 v1.2c Graphics/color driver for pdftex
))
\Gin@req@height=\dimen160
\Gin@req@width=\dimen161
)
(/home/mohamed/.miktex/texmfs/install/tex/latex/pgf/frontendlayer/tikz.sty
(/home/mohamed/.miktex/texmfs/install/tex/latex/pgf/basiclayer/pgf.sty
(/home/mohamed/.miktex/texmfs/install/tex/latex/pgf/utilities/pgfrcs.sty
(/home/mohamed/.miktex/texmfs/install/tex/generic/pgf/utilities/pgfutil-common.
tex
\pgfutil@everybye=\toks22
\pgfutil@tempdima=\dimen162
\pgfutil@tempdimb=\dimen163
)
(/home/mohamed/.miktex/texmfs/install/tex/generic/pgf/utilities/pgfutil-latex.d
ef
\pgfutil@abb=\box52
)
(/home/mohamed/.miktex/texmfs/install/tex/generic/pgf/utilities/pgfrcs.code.tex
(/home/mohamed/.miktex/texmfs/install/tex/generic/pgf/pgf.revision.tex)
Package: pgfrcs 2023-01-15 v3.1.10 (3.1.10)
))
Package: pgf 2023-01-15 v3.1.10 (3.1.10)

(/home/mohamed/.miktex/texmfs/install/tex/latex/pgf/basiclayer/pgfcore.sty
(/home/mohamed/.miktex/texmfs/install/tex/latex/pgf/systemlayer/pgfsys.sty
(/home/mohamed/.miktex/texmfs/install/tex/generic/pgf/systemlayer/pgfsys.code.t
ex
Package: pgfsys 2023-01-15 v3.1.10 (3.1.10)

(/home/mohamed/.miktex/texmfs/install/tex/generic/pgf/utilities/pgfkeys.code.te
x
\pgfkeys@pathtoks=\toks23
\pgfkeys@temptoks=\toks24

(/home/mohamed/.miktex/texmfs/install/tex/generic/pgf/utilities/pgfkeyslibraryf
iltered.code.tex
\pgfkeys@tmptoks=\toks25
))
\pgf@x=\dimen164
\pgf@y=\dimen165
\pgf@xa=\dimen166
\pgf@ya=\dimen167
\pgf@xb=\dimen168
\pgf@yb=\dimen169
\pgf@xc=\dimen170
\pgf@yc=\dimen171
\pgf@xd=\dimen172
\pgf@yd=\dimen173
\w@pgf@writea=\write3
\r@pgf@reada=\read3
\c@pgf@counta=\count282
\c@pgf@countb=\count283
\c@pgf@countc=\count284
\c@pgf@countd=\count285
\t@pgf@toka=\toks26
\t@pgf@tokb=\toks27
\t@pgf@tokc=\toks28
\pgf@sys@id@count=\count286

(/home/mohamed/.miktex/texmfs/install/tex/generic/pgf/systemlayer/pgf.cfg
File: pgf.cfg 2023-01-15 v3.1.10 (3.1.10)
)
Driver file for pgf: pgfsys-pdftex.def

(/home/mohamed/.miktex/texmfs/install/tex/generic/pgf/systemlayer/pgfsys-pdftex
.def
File: pgfsys-pdftex.def 2023-01-15 v3.1.10 (3.1.10)

(/home/mohamed/.miktex/texmfs/install/tex/generic/pgf/systemlayer/pgfsys-common
-pdf.def
File: pgfsys-common-pdf.def 2023-01-15 v3.1.10 (3.1.10)
)))
(/home/mohamed/.miktex/texmfs/install/tex/generic/pgf/systemlayer/pgfsyssoftpat
h.code.tex
File: pgfsyssoftpath.code.tex 2023-01-15 v3.1.10 (3.1.10)
\pgfsyssoftpath@smallbuffer@items=\count287
\pgfsyssoftpath@bigbuffer@items=\count288
)
(/home/mohamed/.miktex/texmfs/install/tex/generic/pgf/systemlayer/pgfsysprotoco
l.code.tex
File: pgfsysprotocol.code.tex 2023-01-15 v3.1.10 (3.1.10)
)) (/home/mohamed/.miktex/texmfs/install/tex/latex/xcolor/xcolor.sty
Package: xcolor 2024/09/29 v3.02 LaTeX color extensions (UK)

(/home/mohamed/.miktex/texmfs/install/tex/latex/graphics-cfg/color.cfg
File: color.cfg 2016/01/02 v1.6 sample color configuration
)
Package xcolor Info: Driver file: pdftex.def on input line 274.

(/home/mohamed/.miktex/texmfs/install/tex/latex/graphics/mathcolor.ltx)
Package xcolor Info: Model `cmy' substituted by `cmy0' on input line 1349.
Package xcolor Info: Model `hsb' substituted by `rgb' on input line 1353.
Package xcolor Info: Model `RGB' extended on input line 1365.
Package xcolor Info: Model `HTML' substituted by `rgb' on input line 1367.
Package xcolor Info: Model `Hsb' substituted by `hsb' on input line 1368.
Package xcolor Info: Model `tHsb' substituted by `hsb' on input line 1369.
Package xcolor Info: Model `HSB' substituted by `hsb' on input line 1370.
Package xcolor Info: Model `Gray' substituted by `gray' on input line 1371.
Package xcolor Info: Model `wave' substituted by `hsb' on input line 1372.
)
(/home/mohamed/.miktex/texmfs/install/tex/generic/pgf/basiclayer/pgfcore.code.t
ex
Package: pgfcore 2023-01-15 v3.1.10 (3.1.10)
 (/home/mohamed/.miktex/texmfs/install/tex/generic/pgf/math/pgfmath.code.tex
(/home/mohamed/.miktex/texmfs/install/tex/generic/pgf/math/pgfmathutil.code.tex
)
(/home/mohamed/.miktex/texmfs/install/tex/generic/pgf/math/pgfmathparser.code.t
ex
\pgfmath@dimen=\dimen174
\pgfmath@count=\count289
\pgfmath@box=\box53
\pgfmath@toks=\toks29
\pgfmath@stack@operand=\toks30
\pgfmath@stack@operation=\toks31
)
(/home/mohamed/.miktex/texmfs/install/tex/generic/pgf/math/pgfmathfunctions.cod
e.tex)
(/home/mohamed/.miktex/texmfs/install/tex/generic/pgf/math/pgfmathfunctions.bas
ic.code.tex)
(/home/mohamed/.miktex/texmfs/install/tex/generic/pgf/math/pgfmathfunctions.tri
gonometric.code.tex)
(/home/mohamed/.miktex/texmfs/install/tex/generic/pgf/math/pgfmathfunctions.ran
dom.code.tex)
(/home/mohamed/.miktex/texmfs/install/tex/generic/pgf/math/pgfmathfunctions.com
parison.code.tex)
(/home/mohamed/.miktex/texmfs/install/tex/generic/pgf/math/pgfmathfunctions.bas
e.code.tex)
(/home/mohamed/.miktex/texmfs/install/tex/generic/pgf/math/pgfmathfunctions.rou
nd.code.tex)
(/home/mohamed/.miktex/texmfs/install/tex/generic/pgf/math/pgfmathfunctions.mis
c.code.tex)
(/home/mohamed/.miktex/texmfs/install/tex/generic/pgf/math/pgfmathfunctions.int
egerarithmetics.code.tex)
(/home/mohamed/.miktex/texmfs/install/tex/generic/pgf/math/pgfmathcalc.code.tex
)
(/home/mohamed/.miktex/texmfs/install/tex/generic/pgf/math/pgfmathfloat.code.te
x
\c@pgfmathroundto@lastzeros=\count290
)) (/home/mohamed/.miktex/texmfs/install/tex/generic/pgf/math/pgfint.code.tex)
(/home/mohamed/.miktex/texmfs/install/tex/generic/pgf/basiclayer/pgfcorepoints.
code.tex
File: pgfcorepoints.code.tex 2023-01-15 v3.1.10 (3.1.10)
\pgf@picminx=\dimen175
\pgf@picmaxx=\dimen176
\pgf@picminy=\dimen177
\pgf@picmaxy=\dimen178
\pgf@pathminx=\dimen179
\pgf@pathmaxx=\dimen180
\pgf@pathminy=\dimen181
\pgf@pathmaxy=\dimen182
\pgf@xx=\dimen183
\pgf@xy=\dimen184
\pgf@yx=\dimen185
\pgf@yy=\dimen186
\pgf@zx=\dimen187
\pgf@zy=\dimen188
)
(/home/mohamed/.miktex/texmfs/install/tex/generic/pgf/basiclayer/pgfcorepathcon
struct.code.tex
File: pgfcorepathconstruct.code.tex 2023-01-15 v3.1.10 (3.1.10)
\pgf@path@lastx=\dimen189
\pgf@path@lasty=\dimen190
)
(/home/mohamed/.miktex/texmfs/install/tex/generic/pgf/basiclayer/pgfcorepathusa
ge.code.tex
File: pgfcorepathusage.code.tex 2023-01-15 v3.1.10 (3.1.10)
\pgf@shorten@end@additional=\dimen191
\pgf@shorten@start@additional=\dimen192
)
(/home/mohamed/.miktex/texmfs/install/tex/generic/pgf/basiclayer/pgfcorescopes.
code.tex
File: pgfcorescopes.code.tex 2023-01-15 v3.1.10 (3.1.10)
\pgfpic=\box54
\pgf@hbox=\box55
\pgf@layerbox@main=\box56
\pgf@picture@serial@count=\count291
)
(/home/mohamed/.miktex/texmfs/install/tex/generic/pgf/basiclayer/pgfcoregraphic
state.code.tex
File: pgfcoregraphicstate.code.tex 2023-01-15 v3.1.10 (3.1.10)
\pgflinewidth=\dimen193
)
(/home/mohamed/.miktex/texmfs/install/tex/generic/pgf/basiclayer/pgfcoretransfo
rmations.code.tex
File: pgfcoretransformations.code.tex 2023-01-15 v3.1.10 (3.1.10)
\pgf@pt@x=\dimen194
\pgf@pt@y=\dimen195
\pgf@pt@temp=\dimen196
)
(/home/mohamed/.miktex/texmfs/install/tex/generic/pgf/basiclayer/pgfcorequick.c
ode.tex
File: pgfcorequick.code.tex 2023-01-15 v3.1.10 (3.1.10)
)
(/home/mohamed/.miktex/texmfs/install/tex/generic/pgf/basiclayer/pgfcoreobjects
.code.tex
File: pgfcoreobjects.code.tex 2023-01-15 v3.1.10 (3.1.10)
)
(/home/mohamed/.miktex/texmfs/install/tex/generic/pgf/basiclayer/pgfcorepathpro
cessing.code.tex
File: pgfcorepathprocessing.code.tex 2023-01-15 v3.1.10 (3.1.10)
)
(/home/mohamed/.miktex/texmfs/install/tex/generic/pgf/basiclayer/pgfcorearrows.
code.tex
File: pgfcorearrows.code.tex 2023-01-15 v3.1.10 (3.1.10)
\pgfarrowsep=\dimen197
)
(/home/mohamed/.miktex/texmfs/install/tex/generic/pgf/basiclayer/pgfcoreshade.c
ode.tex
File: pgfcoreshade.code.tex 2023-01-15 v3.1.10 (3.1.10)
\pgf@max=\dimen198
\pgf@sys@shading@range@num=\count292
\pgf@shadingcount=\count293
)
(/home/mohamed/.miktex/texmfs/install/tex/generic/pgf/basiclayer/pgfcoreimage.c
ode.tex
File: pgfcoreimage.code.tex 2023-01-15 v3.1.10 (3.1.10)
)
(/home/mohamed/.miktex/texmfs/install/tex/generic/pgf/basiclayer/pgfcoreexterna
l.code.tex
File: pgfcoreexternal.code.tex 2023-01-15 v3.1.10 (3.1.10)
\pgfexternal@startupbox=\box57
)
(/home/mohamed/.miktex/texmfs/install/tex/generic/pgf/basiclayer/pgfcorelayers.
code.tex
File: pgfcorelayers.code.tex 2023-01-15 v3.1.10 (3.1.10)
)
(/home/mohamed/.miktex/texmfs/install/tex/generic/pgf/basiclayer/pgfcoretranspa
rency.code.tex
File: pgfcoretransparency.code.tex 2023-01-15 v3.1.10 (3.1.10)
)
(/home/mohamed/.miktex/texmfs/install/tex/generic/pgf/basiclayer/pgfcorepattern
s.code.tex
File: pgfcorepatterns.code.tex 2023-01-15 v3.1.10 (3.1.10)
)
(/home/mohamed/.miktex/texmfs/install/tex/generic/pgf/basiclayer/pgfcorerdf.cod
e.tex
File: pgfcorerdf.code.tex 2023-01-15 v3.1.10 (3.1.10)
)))
(/home/mohamed/.miktex/texmfs/install/tex/generic/pgf/modules/pgfmoduleshapes.c
ode.tex
File: pgfmoduleshapes.code.tex 2023-01-15 v3.1.10 (3.1.10)
\pgfnodeparttextbox=\box58
)
(/home/mohamed/.miktex/texmfs/install/tex/generic/pgf/modules/pgfmoduleplot.cod
e.tex
File: pgfmoduleplot.code.tex 2023-01-15 v3.1.10 (3.1.10)
)
(/home/mohamed/.miktex/texmfs/install/tex/latex/pgf/compatibility/pgfcomp-versi
on-0-65.sty
Package: pgfcomp-version-0-65 2023-01-15 v3.1.10 (3.1.10)
\pgf@nodesepstart=\dimen199
\pgf@nodesepend=\dimen256
)
(/home/mohamed/.miktex/texmfs/install/tex/latex/pgf/compatibility/pgfcomp-versi
on-1-18.sty
Package: pgfcomp-version-1-18 2023-01-15 v3.1.10 (3.1.10)
))
(/home/mohamed/.miktex/texmfs/install/tex/latex/pgf/utilities/pgffor.sty
(/home/mohamed/.miktex/texmfs/install/tex/latex/pgf/utilities/pgfkeys.sty
(/home/mohamed/.miktex/texmfs/install/tex/generic/pgf/utilities/pgfkeys.code.te
x)) (/home/mohamed/.miktex/texmfs/install/tex/latex/pgf/math/pgfmath.sty
(/home/mohamed/.miktex/texmfs/install/tex/generic/pgf/math/pgfmath.code.tex))
(/home/mohamed/.miktex/texmfs/install/tex/generic/pgf/utilities/pgffor.code.tex
Package: pgffor 2023-01-15 v3.1.10 (3.1.10)
\pgffor@iter=\dimen257
\pgffor@skip=\dimen258
\pgffor@stack=\toks32
\pgffor@toks=\toks33
))
(/home/mohamed/.miktex/texmfs/install/tex/generic/pgf/frontendlayer/tikz/tikz.c
ode.tex
Package: tikz 2023-01-15 v3.1.10 (3.1.10)

(/home/mohamed/.miktex/texmfs/install/tex/generic/pgf/libraries/pgflibraryploth
andlers.code.tex
File: pgflibraryplothandlers.code.tex 2023-01-15 v3.1.10 (3.1.10)
\pgf@plot@mark@count=\count294
\pgfplotmarksize=\dimen259
)
\tikz@lastx=\dimen260
\tikz@lasty=\dimen261
\tikz@lastxsaved=\dimen262
\tikz@lastysaved=\dimen263
\tikz@lastmovetox=\dimen264
\tikz@lastmovetoy=\dimen265
\tikzleveldistance=\dimen266
\tikzsiblingdistance=\dimen267
\tikz@figbox=\box59
\tikz@figbox@bg=\box60
\tikz@tempbox=\box61
\tikz@tempbox@bg=\box62
\tikztreelevel=\count295
\tikznumberofchildren=\count296
\tikznumberofcurrentchild=\count297
\tikz@fig@count=\count298

(/home/mohamed/.miktex/texmfs/install/tex/generic/pgf/modules/pgfmodulematrix.c
ode.tex
File: pgfmodulematrix.code.tex 2023-01-15 v3.1.10 (3.1.10)
\pgfmatrixcurrentrow=\count299
\pgfmatrixcurrentcolumn=\count300
\pgf@matrix@numberofcolumns=\count301
)
\tikz@expandcount=\count302

(/home/mohamed/.miktex/texmfs/install/tex/generic/pgf/frontendlayer/tikz/librar
ies/tikzlibrarytopaths.code.tex
File: tikzlibrarytopaths.code.tex 2023-01-15 v3.1.10 (3.1.10)
)))
(/home/mohamed/.miktex/texmfs/install/tex/generic/pgfplots/pgfplots.code.tex
(/home/mohamed/.miktex/texmfs/install/tex/generic/pgfplots/pgfplotscore.code.te
x
\t@pgfplots@toka=\toks34
\t@pgfplots@tokb=\toks35
\t@pgfplots@tokc=\toks36
\pgfplots@tmpa=\dimen268
\c@pgfplots@coordindex=\count303
\c@pgfplots@scanlineindex=\count304

(/home/mohamed/.miktex/texmfs/install/tex/generic/pgfplots/sys/pgfplotssysgener
ic.code.tex))
(/home/mohamed/.miktex/texmfs/install/tex/generic/pgfplots/libs/pgfplotslibrary
.code.tex)
(/home/mohamed/.miktex/texmfs/install/tex/generic/pgfplots/oldpgfcompatib/pgfpl
otsoldpgfsupp_loader.code.tex
(/home/mohamed/.miktex/texmfs/install/tex/generic/pgf/libraries/pgflibraryfpu.c
ode.tex)
Package pgfplots: loading complementary utilities for your pgf version...
\t@pgf@toka=\toks37
\t@pgf@tokb=\toks38
\t@pgf@tokc=\toks39

(/home/mohamed/.miktex/texmfs/install/tex/generic/pgfplots/oldpgfcompatib/pgfpl
otsoldpgfsupp_pgfutil-common-lists.tex))
(/home/mohamed/.miktex/texmfs/install/tex/generic/pgfplots/util/pgfplotsutil.co
de.tex
(/home/mohamed/.miktex/texmfs/install/tex/generic/pgfplots/liststructure/pgfplo
tsliststructure.code.tex)
(/home/mohamed/.miktex/texmfs/install/tex/generic/pgfplots/liststructure/pgfplo
tsliststructureext.code.tex)
(/home/mohamed/.miktex/texmfs/install/tex/generic/pgfplots/liststructure/pgfplo
tsarray.code.tex
\c@pgfplotsarray@tmp=\count305
)
(/home/mohamed/.miktex/texmfs/install/tex/generic/pgfplots/liststructure/pgfplo
tsmatrix.code.tex)
(/home/mohamed/.miktex/texmfs/install/tex/generic/pgfplots/numtable/pgfplotstab
leshared.code.tex
\c@pgfplotstable@counta=\count306
\t@pgfplotstable@a=\toks40
)
(/home/mohamed/.miktex/texmfs/install/tex/generic/pgfplots/liststructure/pgfplo
tsdeque.code.tex)
(/home/mohamed/.miktex/texmfs/install/tex/generic/pgfplots/util/pgfplotsbinary.
code.tex
(/home/mohamed/.miktex/texmfs/install/tex/generic/pgfplots/util/pgfplotsbinary.
data.code.tex))
(/home/mohamed/.miktex/texmfs/install/tex/generic/pgfplots/util/pgfplotsutil.ve
rb.code.tex)
(/home/mohamed/.miktex/texmfs/install/tex/generic/pgfplots/libs/pgflibrarypgfpl
ots.surfshading.code.tex
\c@pgfplotslibrarysurf@no=\count307

(/home/mohamed/.miktex/texmfs/install/tex/generic/pgfplots/sys/pgflibrarypgfplo
ts.surfshading.pgfsys-pdftex.def)))
(/home/mohamed/.miktex/texmfs/install/tex/generic/pgfplots/util/pgfplotscolorma
p.code.tex
(/home/mohamed/.miktex/texmfs/install/tex/generic/pgfplots/util/pgfplotscolor.c
ode.tex))
(/home/mohamed/.miktex/texmfs/install/tex/generic/pgfplots/pgfplotsstackedplots
.code.tex)
(/home/mohamed/.miktex/texmfs/install/tex/generic/pgfplots/pgfplotsplothandlers
.code.tex
(/home/mohamed/.miktex/texmfs/install/tex/generic/pgfplots/pgfplotsmeshplothand
ler.code.tex
(/home/mohamed/.miktex/texmfs/install/tex/generic/pgfplots/pgfplotsmeshplotimag
e.code.tex)))
(/home/mohamed/.miktex/texmfs/install/tex/generic/pgfplots/pgfplots.scaling.cod
e.tex)
(/home/mohamed/.miktex/texmfs/install/tex/generic/pgfplots/pgfplotscoordprocess
ing.code.tex)
(/home/mohamed/.miktex/texmfs/install/tex/generic/pgfplots/pgfplots.errorbars.c
ode.tex)
(/home/mohamed/.miktex/texmfs/install/tex/generic/pgfplots/pgfplots.markers.cod
e.tex)
(/home/mohamed/.miktex/texmfs/install/tex/generic/pgfplots/pgfplotsticks.code.t
ex)
(/home/mohamed/.miktex/texmfs/install/tex/generic/pgfplots/pgfplots.paths.code.
tex)
(/home/mohamed/.miktex/texmfs/install/tex/generic/pgf/frontendlayer/tikz/librar
ies/tikzlibrarydecorations.code.tex
(/home/mohamed/.miktex/texmfs/install/tex/generic/pgf/modules/pgfmoduledecorati
ons.code.tex
\pgfdecoratedcompleteddistance=\dimen269
\pgfdecoratedremainingdistance=\dimen270
\pgfdecoratedinputsegmentcompleteddistance=\dimen271
\pgfdecoratedinputsegmentremainingdistance=\dimen272
\pgf@decorate@distancetomove=\dimen273
\pgf@decorate@repeatstate=\count308
\pgfdecorationsegmentamplitude=\dimen274
\pgfdecorationsegmentlength=\dimen275
)
\tikz@lib@dec@box=\box63
)
(/home/mohamed/.miktex/texmfs/install/tex/generic/pgf/frontendlayer/tikz/librar
ies/tikzlibrarydecorations.pathmorphing.code.tex
(/home/mohamed/.miktex/texmfs/install/tex/generic/pgf/libraries/decorations/pgf
librarydecorations.pathmorphing.code.tex))
(/home/mohamed/.miktex/texmfs/install/tex/generic/pgf/frontendlayer/tikz/librar
ies/tikzlibrarydecorations.pathreplacing.code.tex
(/home/mohamed/.miktex/texmfs/install/tex/generic/pgf/libraries/decorations/pgf
librarydecorations.pathreplacing.code.tex))
(/home/mohamed/.miktex/texmfs/install/tex/generic/pgfplots/libs/tikzlibrarypgfp
lots.contourlua.code.tex)
\pgfplots@numplots=\count309
\pgfplots@xmin@reg=\dimen276
\pgfplots@xmax@reg=\dimen277
\pgfplots@ymin@reg=\dimen278
\pgfplots@ymax@reg=\dimen279
\pgfplots@zmin@reg=\dimen280
\pgfplots@zmax@reg=\dimen281
)
(/home/mohamed/.miktex/texmfs/install/tex/generic/pgf/frontendlayer/tikz/librar
ies/tikzlibraryplotmarks.code.tex
File: tikzlibraryplotmarks.code.tex 2023-01-15 v3.1.10 (3.1.10)

(/home/mohamed/.miktex/texmfs/install/tex/generic/pgf/libraries/pgflibraryplotm
arks.code.tex
File: pgflibraryplotmarks.code.tex 2023-01-15 v3.1.10 (3.1.10)
)))
(/home/mohamed/.miktex/texmfs/install/tex/latex/amsmath/amsmath.sty
Package: amsmath 2024/11/05 v2.17t AMS math features
\@mathmargin=\skip51

For additional information on amsmath, use the `?' option.
(/home/mohamed/.miktex/texmfs/install/tex/latex/amsmath/amstext.sty
Package: amstext 2021/08/26 v2.01 AMS text

(/home/mohamed/.miktex/texmfs/install/tex/latex/amsmath/amsgen.sty
File: amsgen.sty 1999/11/30 v2.0 generic functions
\@emptytoks=\toks41
\ex@=\dimen282
))
(/home/mohamed/.miktex/texmfs/install/tex/latex/amsmath/amsbsy.sty
Package: amsbsy 1999/11/29 v1.2d Bold Symbols
\pmbraise@=\dimen283
)
(/home/mohamed/.miktex/texmfs/install/tex/latex/amsmath/amsopn.sty
Package: amsopn 2022/04/08 v2.04 operator names
)
\inf@bad=\count310
LaTeX Info: Redefining \frac on input line 233.
\uproot@=\count311
\leftroot@=\count312
LaTeX Info: Redefining \overline on input line 398.
LaTeX Info: Redefining \colon on input line 409.
\classnum@=\count313
\DOTSCASE@=\count314
LaTeX Info: Redefining \ldots on input line 495.
LaTeX Info: Redefining \dots on input line 498.
LaTeX Info: Redefining \cdots on input line 619.
\Mathstrutbox@=\box64
\strutbox@=\box65
LaTeX Info: Redefining \big on input line 721.
LaTeX Info: Redefining \Big on input line 722.
LaTeX Info: Redefining \bigg on input line 723.
LaTeX Info: Redefining \Bigg on input line 724.
\big@size=\dimen284
LaTeX Font Info:    Redeclaring font encoding OML on input line 742.
LaTeX Font Info:    Redeclaring font encoding OMS on input line 743.
\macc@depth=\count315
LaTeX Info: Redefining \bmod on input line 904.
LaTeX Info: Redefining \pmod on input line 909.
LaTeX Info: Redefining \smash on input line 939.
LaTeX Info: Redefining \relbar on input line 969.
LaTeX Info: Redefining \Relbar on input line 970.
\c@MaxMatrixCols=\count316
\dotsspace@=\muskip17
\c@parentequation=\count317
\dspbrk@lvl=\count318
\tag@help=\toks42
\row@=\count319
\column@=\count320
\maxfields@=\count321
\andhelp@=\toks43
\eqnshift@=\dimen285
\alignsep@=\dimen286
\tagshift@=\dimen287
\tagwidth@=\dimen288
\totwidth@=\dimen289
\lineht@=\dimen290
\@envbody=\toks44
\multlinegap=\skip52
\multlinetaggap=\skip53
\mathdisplay@stack=\toks45
LaTeX Info: Redefining \[ on input line 2953.
LaTeX Info: Redefining \] on input line 2954.
)
(/home/mohamed/.miktex/texmfs/install/tex/latex/amsfonts/amsfonts.sty
Package: amsfonts 2013/01/14 v3.01 Basic AMSFonts support
\symAMSa=\mathgroup4
\symAMSb=\mathgroup5
LaTeX Font Info:    Redeclaring math symbol \hbar on input line 98.
LaTeX Font Info:    Overwriting math alphabet `\mathfrak' in version `bold'
(Font)                  U/euf/m/n --> U/euf/b/n on input line 106.
)
(/home/mohamed/.miktex/texmfs/install/tex/latex/amsfonts/amssymb.sty
Package: amssymb 2013/01/14 v3.01 AMS font symbols
)
(/home/mohamed/.miktex/texmfs/install/tex/latex/hyperref/hyperref.sty
Package: hyperref 2024-11-05 v7.01l Hypertext links for LaTeX

(/home/mohamed/.miktex/texmfs/install/tex/latex/kvsetkeys/kvsetkeys.sty
Package: kvsetkeys 2022-10-05 v1.19 Key value parser (HO)
)
(/home/mohamed/.miktex/texmfs/install/tex/generic/kvdefinekeys/kvdefinekeys.sty
Package: kvdefinekeys 2019-12-19 v1.6 Define keys (HO)
) (/home/mohamed/.miktex/texmfs/install/tex/generic/pdfescape/pdfescape.sty
Package: pdfescape 2019/12/09 v1.15 Implements pdfTeX's escape features (HO)

(/home/mohamed/.miktex/texmfs/install/tex/generic/ltxcmds/ltxcmds.sty
Package: ltxcmds 2023-12-04 v1.26 LaTeX kernel commands for general use (HO)
)
(/home/mohamed/.miktex/texmfs/install/tex/generic/pdftexcmds/pdftexcmds.sty
Package: pdftexcmds 2020-06-27 v0.33 Utility functions of pdfTeX for LuaTeX (HO
)

(/home/mohamed/.miktex/texmfs/install/tex/generic/infwarerr/infwarerr.sty
Package: infwarerr 2019/12/03 v1.5 Providing info/warning/error messages (HO)
)
Package pdftexcmds Info: \pdf@primitive is available.
Package pdftexcmds Info: \pdf@ifprimitive is available.
Package pdftexcmds Info: \pdfdraftmode found.
))
(/home/mohamed/.miktex/texmfs/install/tex/latex/hycolor/hycolor.sty
Package: hycolor 2020-01-27 v1.10 Color options for hyperref/bookmark (HO)
)
(/home/mohamed/.miktex/texmfs/install/tex/latex/hyperref/nameref.sty
Package: nameref 2023-11-26 v2.56 Cross-referencing by name of section

(/home/mohamed/.miktex/texmfs/install/tex/latex/refcount/refcount.sty
Package: refcount 2019/12/15 v3.6 Data extraction from label references (HO)
)
(/home/mohamed/.miktex/texmfs/install/tex/generic/gettitlestring/gettitlestring
.sty
Package: gettitlestring 2019/12/15 v1.6 Cleanup title references (HO)
 (/home/mohamed/.miktex/texmfs/install/tex/latex/kvoptions/kvoptions.sty
Package: kvoptions 2022-06-15 v3.15 Key value format for package options (HO)
))
\c@section@level=\count322
) (/home/mohamed/.miktex/texmfs/install/tex/latex/etoolbox/etoolbox.sty
Package: etoolbox 2020/10/05 v2.5k e-TeX tools for LaTeX (JAW)
\etb@tempcnta=\count323
)
(/home/mohamed/.miktex/texmfs/install/tex/generic/stringenc/stringenc.sty
Package: stringenc 2019/11/29 v1.12 Convert strings between diff. encodings (HO
)
)
\@linkdim=\dimen291
\Hy@linkcounter=\count324
\Hy@pagecounter=\count325

(/home/mohamed/.miktex/texmfs/install/tex/latex/hyperref/pd1enc.def
File: pd1enc.def 2024-11-05 v7.01l Hyperref: PDFDocEncoding definition (HO)
Now handling font encoding PD1 ...
... no UTF-8 mapping file for font encoding PD1
)
(/home/mohamed/.miktex/texmfs/install/tex/generic/intcalc/intcalc.sty
Package: intcalc 2019/12/15 v1.3 Expandable calculations with integers (HO)
)
\Hy@SavedSpaceFactor=\count326

(/home/mohamed/.miktex/texmfs/install/tex/latex/hyperref/puenc.def
File: puenc.def 2024-11-05 v7.01l Hyperref: PDF Unicode definition (HO)
Now handling font encoding PU ...
... no UTF-8 mapping file for font encoding PU
)
Package hyperref Info: Hyper figures OFF on input line 4157.
Package hyperref Info: Link nesting OFF on input line 4162.
Package hyperref Info: Hyper index ON on input line 4165.
Package hyperref Info: Plain pages OFF on input line 4172.
Package hyperref Info: Backreferencing OFF on input line 4177.
Package hyperref Info: Implicit mode ON; LaTeX internals redefined.
Package hyperref Info: Bookmarks ON on input line 4424.
\c@Hy@tempcnt=\count327

(/home/mohamed/.miktex/texmfs/install/tex/latex/url/url.sty
\Urlmuskip=\muskip18
Package: url 2013/09/16  ver 3.4  Verb mode for urls, etc.
)
LaTeX Info: Redefining \url on input line 4763.
\XeTeXLinkMargin=\dimen292

(/home/mohamed/.miktex/texmfs/install/tex/generic/bitset/bitset.sty
Package: bitset 2019/12/09 v1.3 Handle bit-vector datatype (HO)

(/home/mohamed/.miktex/texmfs/install/tex/generic/bigintcalc/bigintcalc.sty
Package: bigintcalc 2019/12/15 v1.5 Expandable calculations on big integers (HO
)
))
\Fld@menulength=\count328
\Field@Width=\dimen293
\Fld@charsize=\dimen294
Package hyperref Info: Hyper figures OFF on input line 6042.
Package hyperref Info: Link nesting OFF on input line 6047.
Package hyperref Info: Hyper index ON on input line 6050.
Package hyperref Info: backreferencing OFF on input line 6057.
Package hyperref Info: Link coloring OFF on input line 6062.
Package hyperref Info: Link coloring with OCG OFF on input line 6067.
Package hyperref Info: PDF/A mode OFF on input line 6072.

(/home/mohamed/.miktex/texmfs/install/tex/latex/base/atbegshi-ltx.sty
Package: atbegshi-ltx 2021/01/10 v1.0c Emulation of the original atbegshi
package with kernel methods
)
\Hy@abspage=\count329
\c@Item=\count330
\c@Hfootnote=\count331
)
Package hyperref Info: Driver (autodetected): hpdftex.

(/home/mohamed/.miktex/texmfs/install/tex/latex/hyperref/hpdftex.def
File: hpdftex.def 2024-11-05 v7.01l Hyperref driver for pdfTeX

(/home/mohamed/.miktex/texmfs/install/tex/latex/base/atveryend-ltx.sty
Package: atveryend-ltx 2020/08/19 v1.0a Emulation of the original atveryend pac
kage
with kernel methods
)
\Fld@listcount=\count332
\c@bookmark@seq@number=\count333

(/home/mohamed/.miktex/texmfs/install/tex/latex/rerunfilecheck/rerunfilecheck.s
ty
Package: rerunfilecheck 2022-07-10 v1.10 Rerun checks for auxiliary files (HO)

(/home/mohamed/.miktex/texmfs/install/tex/generic/uniquecounter/uniquecounter.s
ty
Package: uniquecounter 2019/12/15 v1.4 Provide unlimited unique counter (HO)
)
Package uniquecounter Info: New unique counter `rerunfilecheck' on input line 2
85.
)
\Hy@SectionHShift=\skip54
) (/home/mohamed/.miktex/texmfs/install/tex/latex/caption/caption.sty
Package: caption 2023/08/05 v3.6o Customizing captions (AR)

(/home/mohamed/.miktex/texmfs/install/tex/latex/caption/caption3.sty
Package: caption3 2023/07/31 v2.4d caption3 kernel (AR)
\caption@tempdima=\dimen295
\captionmargin=\dimen296
\caption@leftmargin=\dimen297
\caption@rightmargin=\dimen298
\caption@width=\dimen299
\caption@indent=\dimen300
\caption@parindent=\dimen301
\caption@hangindent=\dimen302
Package caption Info: Standard document class detected.
Package caption Info: french babel package is loaded.
)
\c@caption@flags=\count334
\c@continuedfloat=\count335
Package caption Info: hyperref package is loaded.
)
(/home/mohamed/.miktex/texmfs/install/tex/latex/blindtext/blindtext.sty
Package: blindtext 2012/01/06 V2.0 blindtext-Package

(/home/mohamed/.miktex/texmfs/install/tex/latex/tools/xspace.sty
Package: xspace 2014/10/28 v1.13 Space after command names (DPC,MH)
)
\c@blindtext=\count336
\c@Blindtext=\count337
\c@blind@countparstart=\count338
\blind@countxx=\count339
\blindtext@numBlindtext=\count340
\blind@countyy=\count341
\c@blindlist=\count342
\c@blindlistlevel=\count343
\c@blindlist@level=\count344
\blind@listitem=\count345
\c@blind@listcount=\count346
\c@blind@levelcount=\count347
\blind@mathformula=\count348
\blind@Mathformula=\count349
\c@blind@randomcount=\count350
\c@blind@randommax=\count351
\c@blind@pangramcount=\count352
\c@blind@pangrammax=\count353
)
(/home/mohamed/.miktex/texmfs/install/tex/latex/tools/multicol.sty
Package: multicol 2024/09/14 v1.9i multicolumn formatting (FMi)
\c@tracingmulticols=\count354
\mult@box=\box66
\multicol@leftmargin=\dimen303
\c@unbalance=\count355
\c@collectmore=\count356
\doublecol@number=\count357
\multicoltolerance=\count358
\multicolpretolerance=\count359
\full@width=\dimen304
\page@free=\dimen305
\premulticols=\dimen306
\postmulticols=\dimen307
\multicolsep=\skip55
\multicolbaselineskip=\skip56
\partial@page=\box67
\last@line=\box68
\mc@boxedresult=\box69
\maxbalancingoverflow=\dimen308
\mult@rightbox=\box70
\mult@grightbox=\box71
\mult@firstbox=\box72
\mult@gfirstbox=\box73
\@tempa=\box74
\@tempa=\box75
\@tempa=\box76
\@tempa=\box77
\@tempa=\box78
\@tempa=\box79
\@tempa=\box80
\@tempa=\box81
\@tempa=\box82
\@tempa=\box83
\@tempa=\box84
\@tempa=\box85
\@tempa=\box86
\@tempa=\box87
\@tempa=\box88
\@tempa=\box89
\@tempa=\box90
\@tempa=\box91
\@tempa=\box92
\@tempa=\box93
\@tempa=\box94
\@tempa=\box95
\@tempa=\box96
\@tempa=\box97
\@tempa=\box98
\@tempa=\box99
\@tempa=\box100
\@tempa=\box101
\@tempa=\box102
\@tempa=\box103
\@tempa=\box104
\@tempa=\box105
\@tempa=\box106
\@tempa=\box107
\@tempa=\box108
\@tempa=\box109
\c@minrows=\count360
\c@columnbadness=\count361
\c@finalcolumnbadness=\count362
\last@try=\dimen309
\multicolovershoot=\dimen310
\multicolundershoot=\dimen311
\mult@nat@firstbox=\box110
\colbreak@box=\box111
\mc@col@check@num=\count363
)
(/home/mohamed/.miktex/texmfs/install/tex/latex/float/float.sty
Package: float 2001/11/08 v1.3d Float enhancements (AL)
\c@float@type=\count364
\float@exts=\toks46
\float@box=\box112
\@float@everytoks=\toks47
\@floatcapt=\box113
)
(/home/mohamed/.miktex/texmfs/install/tex/latex/tools/array.sty
Package: array 2024/10/17 v2.6g Tabular extension package (FMi)
\col@sep=\dimen312
\ar@mcellbox=\box114
\extrarowheight=\dimen313
\NC@list=\toks48
\extratabsurround=\skip57
\backup@length=\skip58
\ar@cellbox=\box115
)
(/home/mohamed/.miktex/texmfs/install/tex/latex/colortbl/colortbl.sty
Package: colortbl 2024/07/06 v1.0i Color table columns (DPC)
\everycr=\toks49
\minrowclearance=\skip59
\rownum=\count365
)
(/home/mohamed/.miktex/texmfs/install/tex/latex/l3backend/l3backend-pdftex.def
File: l3backend-pdftex.def 2024-05-08 L3 backend support: PDF output (pdfTeX)
\l__color_backend_stack_int=\count366
\l__pdf_internal_box=\box116
) (CUI.aux)
\openout1 = `CUI.aux'.

LaTeX Font Info:    Checking defaults for OML/cmm/m/it on input line 33.
LaTeX Font Info:    ... okay on input line 33.
LaTeX Font Info:    Checking defaults for OMS/cmsy/m/n on input line 33.
LaTeX Font Info:    ... okay on input line 33.
LaTeX Font Info:    Checking defaults for OT1/cmr/m/n on input line 33.
LaTeX Font Info:    ... okay on input line 33.
LaTeX Font Info:    Checking defaults for T1/cmr/m/n on input line 33.
LaTeX Font Info:    ... okay on input line 33.
LaTeX Font Info:    Checking defaults for TS1/cmr/m/n on input line 33.
LaTeX Font Info:    ... okay on input line 33.
LaTeX Font Info:    Checking defaults for OMX/cmex/m/n on input line 33.
LaTeX Font Info:    ... okay on input line 33.
LaTeX Font Info:    Checking defaults for U/cmr/m/n on input line 33.
LaTeX Font Info:    ... okay on input line 33.
LaTeX Font Info:    Checking defaults for PD1/pdf/m/n on input line 33.
LaTeX Font Info:    ... okay on input line 33.
LaTeX Font Info:    Checking defaults for PU/pdf/m/n on input line 33.
LaTeX Font Info:    ... okay on input line 33.

*geometry* driver: auto-detecting
*geometry* detected driver: pdftex
*geometry* verbose mode - [ preamble ] result:
* driver: pdftex
* paper: a4paper
* layout: <same size as paper>
* layoutoffset:(h,v)=(0.0pt,0.0pt)
* modes: 
* h-part:(L,W,R)=(56.9055pt, 483.69687pt, 56.9055pt)
* v-part:(T,H,B)=(56.9055pt, 731.23584pt, 56.9055pt)
* \paperwidth=597.50787pt
* \paperheight=845.04684pt
* \textwidth=483.69687pt
* \textheight=731.23584pt
* \oddsidemargin=-15.36449pt
* \evensidemargin=-15.36449pt
* \topmargin=-52.36449pt
* \headheight=12.0pt
* \headsep=25.0pt
* \topskip=12.0pt
* \footskip=30.0pt
* \marginparwidth=35.0pt
* \marginparsep=10.0pt
* \columnsep=10.0pt
* \skip\footins=10.8pt plus 4.0pt minus 2.0pt
* \hoffset=0.0pt
* \voffset=0.0pt
* \mag=1000
* \@twocolumnfalse
* \@twosidefalse
* \@mparswitchfalse
* \@reversemarginfalse
* (1in=72.27pt=25.4mm, 1cm=28.453pt)

LaTeX Info: Redefining \degres on input line 33.
LaTeX Info: Redefining \up on input line 33.

Package french.ldf Warning: OT1 encoding should not be used for French.
(french.ldf)                Add \usepackage[T1]{fontenc} to the preamble
(french.ldf)                of your document; reported on input line 33.

(/home/mohamed/.miktex/texmfs/install/tex/context/base/mkii/supp-pdf.mkii
[Loading MPS to PDF converter (version 2006.09.02).]
\scratchcounter=\count367
\scratchdimen=\dimen314
\scratchbox=\box117
\nofMPsegments=\count368
\nofMParguments=\count369
\everyMPshowfont=\toks50
\MPscratchCnt=\count370
\MPscratchDim=\dimen315
\MPnumerator=\count371
\makeMPintoPDFobject=\count372
\everyMPtoPDFconversion=\toks51
)
(/home/mohamed/.miktex/texmfs/install/tex/latex/epstopdf-pkg/epstopdf-base.sty
Package: epstopdf-base 2020-01-24 v2.11 Base part for package epstopdf
Package epstopdf-base Info: Redefining graphics rule for `.eps' on input line 4
85.

(/home/mohamed/.miktex/texmfs/install/tex/latex/00miktex/epstopdf-sys.cfg
File: epstopdf-sys.cfg 2021/03/18 v2.0 Configuration of epstopdf for MiKTeX
))
Package pgfplots notification 'compat/show suggested version=true': document ha
s been generated with the most recent feature set (\pgfplotsset{compat=1.18}).

Package hyperref Info: Link coloring OFF on input line 33.
(CUI.out) (CUI.out)
\@outlinefile=\write4
\openout4 = `CUI.out'.

Package caption Info: Begin \AtBeginDocument code.
Package caption Info: float package is loaded.
Package caption Info: End \AtBeginDocument code.
LaTeX Font Info:    Trying to load font information for U+msa on input line 36.


(/home/mohamed/.miktex/texmfs/install/tex/latex/amsfonts/umsa.fd
File: umsa.fd 2013/01/14 v3.01 AMS symbols A
)
LaTeX Font Info:    Trying to load font information for U+msb on input line 36.


(/home/mohamed/.miktex/texmfs/install/tex/latex/amsfonts/umsb.fd
File: umsb.fd 2013/01/14 v3.01 AMS symbols B
)

[1

{/home/mohamed/.miktex/texmfs/data/fonts/map/pdftex/pdftex.map}]

[2]

[3] (CUI.toc)
\tf@toc=\write5
\openout5 = `CUI.toc'.



[4] (INTRODUCTION.tex
Overfull \hbox (3.23404pt too wide) in paragraph at lines 4--5
[]\OT1/cmr/m/n/12 Le Maroc, avec ses c^otes s'^^Setendant sur plus de 3 500 kil
om^^Retres, b^^Sen^^Seficie d'un environnement
 []



[5]
Overfull \hbox (5.42871pt too wide) in paragraph at lines 22--23
[][]\OT1/cmr/m/n/12 Etudier la relation entre l'indice CUI et la North Atlantic
 Oscillation (NAO), en particulier
 []


Overfull \hbox (8.52303pt too wide) in paragraph at lines 50--51
[]\OT1/cmr/m/n/12 Le changement climatique est un ph^^Senom^^Rene global qui im
pacte divers aspects des ^^Secosyst^^Remes
 []



[6]
Overfull \hbox (4.34529pt too wide) in paragraph at lines 56--57
[]\OT1/cmr/m/n/12 Les mod^^Reles climatiques modernes incluent des variables qu
i simulent les effets du changement
 []

) (MATERIEL_ET_METHODES.tex
Overfull \hbox (9.60793pt too wide) in paragraph at lines 3--3
[]\OT1/cmr/bx/n/14.4 Instruments scientifiques utilis^^Ses (logiciels, programm
es, mod^^Reles,
 []


Overfull \hbox (8.63434pt too wide) in paragraph at lines 7--8
[]\OT1/cmr/bx/n/12 R \OT1/cmr/m/n/12 : Un environnement de programmation et un 
logiciel statistique utilis^^Se pour le traitement
 []

<R.png, id=158, 1927.2pt x 1014.79124pt>
File: R.png Graphic file (type png)
<use R.png>
Package pdftex.def Info: R.png  used on input line 10.
(pdftex.def)             Requested size: 385.43318pt x 202.95465pt.


[7]
<python.png, id=168, 1926.19624pt x 937.5025pt>
File: python.png Graphic file (type png)
<use python.png>
Package pdftex.def Info: python.png  used on input line 18.
(pdftex.def)             Requested size: 385.23242pt x 187.49718pt.
<cdo.png, id=169, 1926.19624pt x 1016.79875pt>
File: cdo.png Graphic file (type png)
<use cdo.png>
Package pdftex.def Info: cdo.png  used on input line 26.
(pdftex.def)             Requested size: 385.23242pt x 203.35614pt.


[8 <./R.png> <./python.png>]
Overfull \hbox (28.95709pt too wide) in paragraph at lines 37--38
[]\OT1/cmr/bx/n/12 Les donn^^Sees utilis^^Sees pour le calcul de l'indice d'upw
elling proviennent principalement
 []


Underfull \hbox (badness 10000) in paragraph at lines 37--38

 []



[9 <./cdo.png>]
<zone.jpg, id=197, 1245.15187pt x 709.14937pt>
File: zone.jpg Graphic file (type jpg)
<use zone.jpg>
Package pdftex.def Info: zone.jpg  used on input line 67.
(pdftex.def)             Requested size: 249.02596pt x 141.82736pt.

Underfull \hbox (badness 10000) in paragraph at lines 76--76
[][][]\OT1/cmr/m/n/10 .[][][]$\OT1/cmtt/m/n/10 https : / / www . researchgate .
 net / publication / 252415117 _ Coastal _ Upwelling _ Indices _ West _
 []



[10 <./zone.jpg>]
Underfull \hbox (badness 10000) in paragraph at lines 110--112

 []


Underfull \hbox (badness 10000) in paragraph at lines 118--119

 []

<angle.png, id=209, 614.295pt x 794.97pt>
File: angle.png Graphic file (type png)
<use angle.png>
Package pdftex.def Info: angle.png  used on input line 131.
(pdftex.def)             Requested size: 307.14674pt x 397.48402pt.


[11]
Underfull \hbox (badness 10000) in paragraph at lines 139--140

 []



[12 <./angle.png>]
Overfull \hbox (19.49806pt too wide) in paragraph at lines 179--180
[]\OT1/cmr/m/n/12 Collecte des donn^^Sees climatiques via ERDDAP (transport d'E
kman) et ERA5 (temp^^Serature). 
 []

) (res.tex
Overfull \hbox (33.22832pt too wide) in paragraph at lines 6--7
[]\OT1/cmr/m/n/12 Une analyse globale sur l'ensemble du territoire marocain mon
tre que l'upwelling est principalement
 []

<ncview_output.pdf, id=224, 614.295pt x 794.97pt>
File: ncview_output.pdf Graphic file (type pdf)
<use ncview_output.pdf>
Package pdftex.def Info: ncview_output.pdf  used on input line 10.
(pdftex.def)             Requested size: 307.14674pt x 397.48402pt.


[13]
<kde_nao_cui.png, id=237, 1445.4pt x 722.7pt>
File: kde_nao_cui.png Graphic file (type png)
<use kde_nao_cui.png>
Package pdftex.def Info: kde_nao_cui.png  used on input line 23.
(pdftex.def)             Requested size: 433.62335pt x 216.81166pt.


[14 <./ncview_output.pdf>]
<corr.png, id=249, 1084.05pt x 578.16pt>
File: corr.png Graphic file (type png)
<use corr.png>
Package pdftex.def Info: corr.png  used on input line 33.
(pdftex.def)             Requested size: 325.21751pt x 173.44933pt.


[15 <./kde_nao_cui.png> <./corr.png>]
<CUI_NAO_PHASES.png, id=260, 1806.75pt x 722.7pt>
File: CUI_NAO_PHASES.png Graphic file (type png)
<use CUI_NAO_PHASES.png>
Package pdftex.def Info: CUI_NAO_PHASES.png  used on input line 51.
(pdftex.def)             Requested size: 542.02919pt x 216.81166pt.

Overfull \hbox (58.33232pt too wide) in paragraph at lines 51--52
 [][] 
 []

<POS_PHASE.png, id=261, 1084.05pt x 1084.05pt>
File: POS_PHASE.png Graphic file (type png)
<use POS_PHASE.png>
Package pdftex.def Info: POS_PHASE.png  used on input line 59.
(pdftex.def)             Requested size: 325.21751pt x 325.21751pt.


[16 <./CUI_NAO_PHASES.png>]
<NEG_PHASE.png, id=268, 1084.05pt x 1084.05pt>
File: NEG_PHASE.png Graphic file (type png)
<use NEG_PHASE.png>
Package pdftex.def Info: NEG_PHASE.png  used on input line 74.
(pdftex.def)             Requested size: 325.21751pt x 325.21751pt.


[17 <./POS_PHASE.png>]
<CUI_NAO_20.5.png, id=276, 1806.75pt x 722.7pt>
File: CUI_NAO_20.5.png Graphic file (type png)
<use CUI_NAO_20.5.png>
Package pdftex.def Info: CUI_NAO_20.5.png  used on input line 91.
(pdftex.def)             Requested size: 361.3436pt x 144.53743pt.


[18 <./NEG_PHASE.png>]
<CUI_NAO_34.5.png, id=284, 1806.75pt x 722.7pt>
File: CUI_NAO_34.5.png Graphic file (type png)
<use CUI_NAO_34.5.png>
Package pdftex.def Info: CUI_NAO_34.5.png  used on input line 98.
(pdftex.def)             Requested size: 361.3436pt x 144.53743pt.


[19 <./CUI_NAO_20.5.png> <./CUI_NAO_34.5.png>]
Overfull \hbox (10.52866pt too wide) in paragraph at lines 111--112
[]\OT1/cmr/m/n/12 Les phases de la North Atlantic Oscillation (NAO) montrent ^^
Segalement une certaine variabilit^^Se,
 []

) (ACCRONYME.tex

[20]
Underfull \hbox (badness 10000) in paragraph at lines 9--10
[]|\OT1/cmr/m/n/12 European Centre for Medium-Range
 []


Underfull \hbox (badness 10000) in paragraph at lines 10--11
[]|\OT1/cmr/m/n/12 National Oceanic and Atmospheric
 []


Underfull \hbox (badness 3668) in paragraph at lines 13--14
[]|\OT1/cmr/m/n/12 Environmental Research Division's Data
 []



[21]
Underfull \hbox (badness 10000) in paragraph at lines 22--23
[]\OT1/cmr/m/n/12 NOAA. (2024). ERDDAP. []$\OT1/cmtt/m/n/12 http : / / coastwat
ch . pfeg . noaa . gov / erddap / griddap /
 []


Underfull \hbox (badness 1142) in paragraph at lines 23--24
[]\OT1/cmr/m/n/12 European Centre for Medium-Range Weather Forecasts (ECMWF). (
2024). ERA5
 []

)

[22] (CUI.lof)
\tf@lof=\write6
\openout6 = `CUI.lof'.



[23] (CUI.aux)
 ***********
LaTeX2e <2024-11-01>
L3 programming layer <2024-11-02>
 ***********


LaTeX Warning: Label(s) may have changed. Rerun to get cross-references right.

Package rerunfilecheck Info: File `CUI.out' has not changed.
(rerunfilecheck)             Checksum: A3F327BEF4644B88EACEAC2EE365B784;4785.
 ) 
Here is how much of TeX's memory you used:
 34668 strings out of 475617
 796398 string characters out of 5770827
 1281700 words of memory out of 5000000
 56869 multiletter control sequences out of 15000+600000
 570112 words of font info for 82 fonts, out of 8000000 for 9000
 0 hyphenation exceptions out of 8191
 99i,10n,107p,998b,609s stack positions out of 10000i,1000n,20000p,200000b,200000s
 </home/mohamed/.miktex/texmfs/data/fonts/pk/ljfour/jknappen/ec/dpi600/tcrm12
00.pk></home/mohamed/.miktex/texmfs/install/fonts/type1/public/amsfonts/cm/cmbx
10.pfb></home/mohamed/.miktex/texmfs/install/fonts/type1/public/amsfonts/cm/cmb
x12.pfb></home/mohamed/.miktex/texmfs/install/fonts/type1/public/amsfonts/cm/cm
bxti10.pfb></home/mohamed/.miktex/texmfs/install/fonts/type1/public/amsfonts/cm
/cmcsc10.pfb></home/mohamed/.miktex/texmfs/install/fonts/type1/public/amsfonts/
cm/cmmi12.pfb></home/mohamed/.miktex/texmfs/install/fonts/type1/public/amsfonts
/cm/cmmi8.pfb></home/mohamed/.miktex/texmfs/install/fonts/type1/public/amsfonts
/cm/cmr10.pfb></home/mohamed/.miktex/texmfs/install/fonts/type1/public/amsfonts
/cm/cmr12.pfb></home/mohamed/.miktex/texmfs/install/fonts/type1/public/amsfonts
/cm/cmr17.pfb></home/mohamed/.miktex/texmfs/install/fonts/type1/public/amsfonts
/cm/cmr8.pfb></home/mohamed/.miktex/texmfs/install/fonts/type1/public/amsfonts/
cm/cmsy10.pfb></home/mohamed/.miktex/texmfs/install/fonts/type1/public/amsfonts
/cm/cmsy8.pfb></home/mohamed/.miktex/texmfs/install/fonts/type1/public/amsfonts
/cm/cmti10.pfb></home/mohamed/.miktex/texmfs/install/fonts/type1/public/amsfont
s/cm/cmti12.pfb></home/mohamed/.miktex/texmfs/install/fonts/type1/public/amsfon
ts/cm/cmtt10.pfb></home/mohamed/.miktex/texmfs/install/fonts/type1/public/amsfo
nts/cm/cmtt12.pfb>
Output written on CUI.pdf (23 pages, 4198624 bytes).
PDF statistics:
 440 PDF objects out of 1000 (max. 8388607)
 104 named destinations out of 1000 (max. 500000)
 246 words of extra memory for PDF output out of 10000 (max. 10000000)

