\BOOKMARK [1][-]{section.1}{\376\377\000I\000n\000t\000r\000o\000d\000u\000c\000t\000i\000o\000n\000\040\000g\000\351\000n\000\351\000r\000a\000l\000e}{}% 1
\BOOKMARK [2][-]{subsection.1.1}{\376\377\000C\000o\000n\000t\000e\000x\000t\000e\000\040\000d\000u\000\040\000s\000u\000j\000e\000t}{section.1}% 2
\BOOKMARK [2][-]{subsection.1.2}{\376\377\000P\000r\000o\000b\000l\000\351\000m\000a\000t\000i\000q\000u\000e}{section.1}% 3
\BOOKMARK [2][-]{subsection.1.3}{\376\377\000O\000b\000j\000e\000c\000t\000i\000f\000\040\000g\000\351\000n\000\351\000r\000a\000l}{section.1}% 4
\BOOKMARK [2][-]{subsection.1.4}{\376\377\000O\000b\000j\000e\000c\000t\000i\000f\000s\000\040\000s\000p\000\351\000c\000i\000f\000i\000q\000u\000e\000s}{section.1}% 5
\BOOKMARK [2][-]{subsection.1.5}{\376\377\000N\000o\000r\000t\000h\000\040\000A\000t\000l\000a\000n\000t\000i\000c\000\040\000O\000s\000c\000i\000l\000l\000a\000t\000i\000o\000n\000\040\000\050\000N\000A\000O\000\051}{section.1}% 6
\BOOKMARK [2][-]{subsection.1.6}{\376\377\000C\000h\000a\000n\000g\000e\000m\000e\000n\000t\000\040\000C\000l\000i\000m\000a\000t\000i\000q\000u\000e}{section.1}% 7
\BOOKMARK [1][-]{section.2}{\376\377\000M\000a\000t\000\351\000r\000i\000e\000l\000s\000\040\000e\000t\000\040\000M\000\351\000t\000h\000o\000d\000e\000s}{}% 8
\BOOKMARK [2][-]{subsection.2.1}{\376\377\000I\000n\000s\000t\000r\000u\000m\000e\000n\000t\000s\000\040\000s\000c\000i\000e\000n\000t\000i\000f\000i\000q\000u\000e\000s\000\040\000u\000t\000i\000l\000i\000s\000\351\000s\000\040\000\050\000l\000o\000g\000i\000c\000i\000e\000l\000s\000,\000\040\000p\000r\000o\000g\000r\000a\000m\000m\000e\000s\000,\000\040\000m\000o\000d\000\350\000l\000e\000s\000,\000\040\000e\000t\000c\000.\000\051}{section.2}% 9
\BOOKMARK [2][-]{subsection.2.2}{\376\377\000C\000o\000l\000l\000e\000c\000t\000e\000\040\000d\000e\000s\000\040\000d\000o\000n\000n\000\351\000e\000s}{section.2}% 10
\BOOKMARK [2][-]{subsection.2.3}{\376\377\000D\000\351\000l\000i\000m\000i\000t\000a\000t\000i\000o\000n\000\040\000d\000e\000\040\000l\000a\000\040\000z\000o\000n\000e\000\040\000d\000'\000\351\000t\000u\000d\000e}{section.2}% 11
\BOOKMARK [2][-]{subsection.2.4}{\376\377\000C\000a\000l\000c\000u\000l\000\040\000d\000e\000\040\000l\000'\000i\000n\000d\000i\000c\000e\000\040\000d\000'\000u\000p\000w\000e\000l\000l\000i\000n\000g\000\040\000d\000e\000\040\000B\000a\000k\000u\000n\000\040\000\050\000C\000U\000I\000\051}{section.2}% 12
\BOOKMARK [3][-]{subsubsection.2.4.1}{\376\377\000D\000e\000s\000c\000r\000i\000p\000t\000i\000o\000n\000\040\000d\000e\000\040\000l\000a\000\040\000f\000o\000n\000c\000t\000i\000o\000n\000\040\000P\000y\000t\000h\000o\000n\000\040\000p\000o\000u\000r\000\040\000l\000e\000\040\000c\000a\000l\000c\000u\000l\000\040\000d\000u\000\040\000C\000U\000I}{subsection.2.4}% 13
\BOOKMARK [2][-]{subsection.2.5}{\376\377\000I\000m\000p\000o\000r\000t\000a\000n\000c\000e\000\040\000d\000e\000\040\000l\000'\000i\000n\000d\000i\000c\000e\000\040\000C\000U\000I}{section.2}% 14
\BOOKMARK [3][-]{subsubsection.2.5.1}{\376\377\000S\000\351\000l\000e\000c\000t\000i\000o\000n\000\040\000d\000e\000s\000\040\000p\000o\000i\000n\000t\000s\000\040\000s\000i\000g\000n\000i\000f\000i\000c\000a\000t\000i\000f\000s}{subsection.2.5}% 15
\BOOKMARK [2][-]{subsection.2.6}{\376\377\000S\000y\000n\000t\000h\000\350\000s\000e\000\040\000d\000e\000s\000\040\000o\000u\000t\000i\000l\000s\000\040\000e\000t\000\040\000f\000l\000u\000x\000\040\000d\000e\000\040\000t\000r\000a\000v\000a\000i\000l}{section.2}% 16
\BOOKMARK [1][-]{section.3}{\376\377\000R\000\351\000s\000u\000l\000t\000a\000t\000s\000\040\000e\000t\000\040\000D\000i\000s\000c\000u\000s\000s\000i\000o\000n\000s}{}% 17
\BOOKMARK [2][-]{subsection.3.1}{\376\377\000\311\000v\000a\000l\000u\000a\000t\000i\000o\000n\000\040\000d\000e\000\040\000l\000'\000i\000m\000p\000a\000c\000t\000\040\000d\000e\000\040\000l\000a\000\040\000N\000A\000O\000\040\000s\000u\000r\000\040\000l\000'\000u\000p\000w\000e\000l\000l\000i\000n\000g}{section.3}% 18
\BOOKMARK [3][-]{subsubsection.3.1.1}{\376\377\000A\000n\000a\000l\000y\000s\000e\000\040\000g\000\351\000n\000\351\000r\000a\000l\000e}{subsection.3.1}% 19
\BOOKMARK [3][-]{subsubsection.3.1.2}{\376\377\000A\000n\000a\000l\000y\000s\000e\000\040\000d\000e\000s\000\040\000d\000i\000s\000t\000r\000i\000b\000u\000t\000i\000o\000n\000s}{subsection.3.1}% 20
\BOOKMARK [2][-]{subsection.3.2}{\376\377\000A\000n\000a\000l\000y\000s\000e\000\040\000d\000e\000\040\000l\000a\000\040\000c\000o\000r\000r\000\351\000l\000a\000t\000i\000o\000n\000\040\000N\000A\000O\000-\000C\000U\000I}{section.3}% 21
\BOOKMARK [2][-]{subsection.3.3}{\376\377\000I\000m\000p\000a\000c\000t\000\040\000d\000e\000\040\000l\000a\000\040\000p\000h\000a\000s\000e\000\040\000d\000e\000\040\000l\000a\000\040\000N\000A\000O\000\040\000s\000u\000r\000\040\000l\000'\000u\000p\000w\000e\000l\000l\000i\000n\000g}{section.3}% 22
\BOOKMARK [3][-]{subsubsection.3.3.1}{\376\377\000P\000h\000a\000s\000e\000\040\000p\000o\000s\000i\000t\000i\000v\000e\000\040\000d\000e\000\040\000l\000a\000\040\000N\000A\000O\000\040\000\050\000N\000A\000O\000+\000\051}{subsection.3.3}% 23
\BOOKMARK [3][-]{subsubsection.3.3.2}{\376\377\000P\000h\000a\000s\000e\000\040\000n\000\351\000g\000a\000t\000i\000v\000e\000\040\000d\000e\000\040\000l\000a\000\040\000N\000A\000O\000\040\000\050\000N\000A\000O\000-\000\051}{subsection.3.3}% 24
\BOOKMARK [2][-]{subsection.3.4}{\376\377\000D\000i\000s\000c\000u\000s\000s\000i\000o\000n\000\040\000e\000t\000\040\000i\000m\000p\000l\000i\000c\000a\000t\000i\000o\000n\000s}{section.3}% 25
